<?xml version="1.0" encoding="UTF-8"?>
<!-- Generated by org.testng.reporters.JUnitReportReporter -->
<testsuite hostname="GauravAhuja" failures="0" tests="1" name="TestCasePackage.BigBasket" time="32.606" errors="0" timestamp="2023-11-19T18:39:17 IST" skipped="0">
  <testcase classname="TestCasePackage.BigBasket" name="openBigBasket" time="32.606"/>
  <system-out/>
</testsuite> <!-- TestCasePackage.BigBasket -->
